# JRE version: OpenJDK Runtime Environment Temurin-21.0.11+10 (21.0.11+10) (build 21.0.11+10-LTS)
# Java VM: OpenJDK 64-Bit Server VM Temurin-21.0.11+10 (21.0.11+10-LTS, mixed mode, sharing, tiered, compressed oops, compressed class ptrs, g1 gc, linux-amd64)
GC Precious Log:
 CardTable entry size: 512
 Card Set container configuration: InlinePtr #cards 5 size 8 Array Of Cards #cards 12 size 40 Howl #buckets 4 coarsen threshold 1843 Howl Bitmap #cards 512 size 80 coarsen threshold 460 Card regions per heap region 1 cards per card region 2048
 CPUs: 4 total, 4 available
 Memory: 5400M
 Large Page Support: Disabled
 NUMA Support: Disabled
 Compressed Oops: Enabled (32-bit)
 Heap Region Size: 1M
 Heap Min Capacity: 8M
 Heap Initial Capacity: 86M
 Heap Max Capacity: 1G
 Pre-touch: Disabled
 Parallel Workers: 4
 Concurrent Workers: 1
 Concurrent Refinement Workers: 4
 Periodic GC: Disabled
Heap:
 garbage-first heap   total 103424K, used 64198K [0x00000000c0000000, 0x0000000100000000)
  region size 1024K, 29 young (29696K), 5 survivors (5120K)
 Metaspace       used 55498K, committed 57216K, reserved 1114112K
  class space    used 8121K, committed 8960K, reserved 1048576K
GC Heap History (20 events):
Event: 2.034 GC heap before
{Heap before GC invocations=1 (full 0):
 garbage-first heap   total 90112K, used 29554K [0x00000000c0000000, 0x0000000100000000)
  region size 1024K, 26 young (26624K), 1 survivors (1024K)
 Metaspace       used 3774K, committed 3968K, reserved 1114112K
  class space    used 491K, committed 576K, reserved 1048576K
}
Event: 2.049 GC heap after
{Heap after GC invocations=2 (full 0):
 garbage-first heap   total 90112K, used 11435K [0x00000000c0000000, 0x0000000100000000)
  region size 1024K, 4 young (4096K), 4 survivors (4096K)
 Metaspace       used 3774K, committed 3968K, reserved 1114112K
  class space    used 491K, committed 576K, reserved 1048576K
}
Event: 3.430 GC heap before
{Heap before GC invocations=2 (full 0):
 garbage-first heap   total 90112K, used 60587K [0x00000000c0000000, 0x0000000100000000)
  region size 1024K, 51 young (52224K), 4 survivors (4096K)
 Metaspace       used 6422K, committed 6720K, reserved 1114112K
  class space    used 868K, committed 1024K, reserved 1048576K
}
Event: 3.462 GC heap after
{Heap after GC invocations=3 (full 0):
 garbage-first heap   total 90112K, used 17977K [0x00000000c0000000, 0x0000000100000000)
  region size 1024K, 7 young (7168K), 7 survivors (7168K)
 Metaspace       used 6422K, committed 6720K, reserved 1114112K
  class space    used 868K, committed 1024K, reserved 1048576K
}
Event: 6.144 GC heap before
{Heap before GC invocations=3 (full 0):
 garbage-first heap   total 90112K, used 62009K [0x00000000c0000000, 0x0000000100000000)
  region size 1024K, 51 young (52224K), 7 survivors (7168K)
 Metaspace       used 15183K, committed 15616K, reserved 1114112K
  class space    used 2134K, committed 2304K, reserved 1048576K
}
Event: 6.190 GC heap after
{Heap after GC invocations=4 (full 0):
 garbage-first heap   total 90112K, used 21379K [0x00000000c0000000, 0x0000000100000000)
  region size 1024K, 3 young (3072K), 3 survivors (3072K)
 Metaspace       used 15183K, committed 15616K, reserved 1114112K
  class space    used 2134K, committed 2304K, reserved 1048576K
}
Event: 8.221 GC heap before
{Heap before GC invocations=4 (full 0):
 garbage-first heap   total 90112K, used 64387K [0x00000000c0000000, 0x0000000100000000)
  region size 1024K, 46 young (47104K), 3 survivors (3072K)
 Metaspace       used 20738K, committed 21504K, reserved 1114112K
  class space    used 3083K, committed 3456K, reserved 1048576K
}
Event: 8.254 GC heap after
{Heap after GC invocations=5 (full 0):
 garbage-first heap   total 90112K, used 24519K [0x00000000c0000000, 0x0000000100000000)
  region size 1024K, 6 young (6144K), 6 survivors (6144K)
 Metaspace       used 20738K, committed 21504K, reserved 1114112K
  class space    used 3083K, committed 3456K, reserved 1048576K
}
Event: 16.830 GC heap before
{Heap before GC invocations=6 (full 0):
 garbage-first heap   total 86016K, used 69575K [0x00000000c0000000, 0x0000000100000000)
  region size 1024K, 50 young (51200K), 6 survivors (6144K)
 Metaspace       used 27136K, committed 28096K, reserved 1114112K
  class space    used 4145K, committed 4608K, reserved 1048576K
}
Event: 16.868 GC heap after
{Heap after GC invocations=7 (full 0):
 garbage-first heap   total 86016K, used 27104K [0x00000000c0000000, 0x0000000100000000)
  region size 1024K, 6 young (6144K), 6 survivors (6144K)
 Metaspace       used 27136K, committed 28096K, reserved 1114112K
  class space    used 4145K, committed 4608K, reserved 1048576K
}
Event: 18.614 GC heap before
{Heap before GC invocations=7 (full 0):
 garbage-first heap   total 86016K, used 70112K [0x00000000c0000000, 0x0000000100000000)
  region size 1024K, 49 young (50176K), 6 survivors (6144K)
 Metaspace       used 32248K, committed 33216K, reserved 1114112K
  class space    used 4667K, committed 5120K, reserved 1048576K
}
Event: 18.670 GC heap after
{Heap after GC invocations=8 (full 0):
 garbage-first heap   total 86016K, used 32132K [0x00000000c0000000, 0x0000000100000000)
  region size 1024K, 7 young (7168K), 7 survivors (7168K)
 Metaspace       used 32248K, committed 33216K, reserved 1114112K
  class space    used 4667K, committed 5120K, reserved 1048576K
}
Event: 19.950 GC heap before
{Heap before GC invocations=8 (full 0):
 garbage-first heap   total 86016K, used 53636K [0x00000000c0000000, 0x0000000100000000)
  region size 1024K, 25 young (25600K), 7 survivors (7168K)
 Metaspace       used 35053K, committed 36096K, reserved 1114112K
  class space    used 5020K, committed 5504K, reserved 1048576K
}
Event: 20.006 GC heap after
{Heap after GC invocations=9 (full 0):
 garbage-first heap   total 103424K, used 34263K [0x00000000c0000000, 0x0000000100000000)
  region size 1024K, 2 young (2048K), 2 survivors (2048K)
 Metaspace       used 35053K, committed 36096K, reserved 1114112K
  class space    used 5020K, committed 5504K, reserved 1048576K
}
Event: 25.826 GC heap before
{Heap before GC invocations=10 (full 0):
 garbage-first heap   total 103424K, used 89559K [0x00000000c0000000, 0x0000000100000000)
  region size 1024K, 54 young (55296K), 2 survivors (2048K)
 Metaspace       used 40427K, committed 41920K, reserved 1114112K
  class space    used 5793K, committed 6528K, reserved 1048576K
}
Event: 25.848 GC heap after
{Heap after GC invocations=11 (full 0):
 garbage-first heap   total 103424K, used 36707K [0x00000000c0000000, 0x0000000100000000)
  region size 1024K, 5 young (5120K), 5 survivors (5120K)
 Metaspace       used 40427K, committed 41920K, reserved 1114112K
  class space    used 5793K, committed 6528K, reserved 1048576K
}
Event: 33.680 GC heap before
{Heap before GC invocations=11 (full 0):
 garbage-first heap   total 103424K, used 88931K [0x00000000c0000000, 0x0000000100000000)
  region size 1024K, 56 young (57344K), 5 survivors (5120K)
 Metaspace       used 46767K, committed 48384K, reserved 1114112K
  class space    used 6819K, committed 7616K, reserved 1048576K
}
Event: 33.706 GC heap after
{Heap after GC invocations=12 (full 0):
 garbage-first heap   total 103424K, used 39437K [0x00000000c0000000, 0x0000000100000000)
  region size 1024K, 6 young (6144K), 6 survivors (6144K)
 Metaspace       used 46767K, committed 48384K, reserved 1114112K
  class space    used 6819K, committed 7616K, reserved 1048576K
}
Event: 41.057 GC heap before
{Heap before GC invocations=12 (full 0):
 garbage-first heap   total 103424K, used 90637K [0x00000000c0000000, 0x0000000100000000)
  region size 1024K, 56 young (57344K), 6 survivors (6144K)
 Metaspace       used 53210K, committed 54912K, reserved 1114112K
  class space    used 7711K, committed 8512K, reserved 1048576K
}
Event: 41.103 GC heap after
{Heap after GC invocations=13 (full 0):
 garbage-first heap   total 103424K, used 40646K [0x00000000c0000000, 0x0000000100000000)
  region size 1024K, 5 young (5120K), 5 survivors (5120K)
 Metaspace       used 53210K, committed 54912K, reserved 1114112K
  class space    used 7711K, committed 8512K, reserved 1048576K
}

